<?xml version="1.0" encoding="UTF-8"?>
<testng-results ignored="0" total="1" passed="1" failed="0" skipped="0">
  <reporter-output>
  </reporter-output>
  <suite started-at="2025-02-21T17:00:21 IST" name="Suite" finished-at="2025-02-21T17:00:29 IST" duration-ms="7781">
    <groups>
    </groups>
    <test started-at="2025-02-21T17:00:21 IST" name="Test" finished-at="2025-02-21T17:00:29 IST" duration-ms="7781">
      <class name="jpetStore.UIDemo">
        <test-method signature="verifyPageTitle()[pri:0, instance:jpetStore.UIDemo@384ad17b]" started-at="2025-02-21T17:00:21 IST" name="verifyPageTitle" finished-at="2025-02-21T17:00:29 IST" duration-ms="7704" status="PASS">
          <reporter-output>
          </reporter-output>
        </test-method> <!-- verifyPageTitle -->
      </class> <!-- jpetStore.UIDemo -->
    </test> <!-- Test -->
  </suite> <!-- Suite -->
</testng-results>
