<?xml version="1.0" encoding="UTF-8"?>
<testng-results ignored="0" total="1" passed="1" failed="0" skipped="0">
  <reporter-output>
  </reporter-output>
  <suite started-at="2025-02-21T19:52:21 IST" name="Suite" finished-at="2025-02-21T19:52:34 IST" duration-ms="13576">
    <groups>
    </groups>
    <test started-at="2025-02-21T19:52:21 IST" name="Test" finished-at="2025-02-21T19:52:34 IST" duration-ms="13576">
      <class name="jpetStore.UIDemo">
        <test-method signature="verifyPageTitle(java.lang.String)[pri:0, instance:jpetStore.UIDemo@1d9b7cce]" started-at="2025-02-21T19:52:21 IST" name="verifyPageTitle" finished-at="2025-02-21T19:52:34 IST" duration-ms="13510" status="PASS">
          <params>
            <param index="0">
              <value>
                <![CDATA[Edge]]>
              </value>
            </param>
          </params>
          <reporter-output>
          </reporter-output>
        </test-method> <!-- verifyPageTitle -->
      </class> <!-- jpetStore.UIDemo -->
    </test> <!-- Test -->
  </suite> <!-- Suite -->
</testng-results>
