<?xml version="1.0" encoding="UTF-8"?>
<testng-results ignored="0" total="1" passed="1" failed="0" skipped="0">
  <reporter-output>
  </reporter-output>
  <suite started-at="2025-02-21T00:05:02 IST" name="Default suite" finished-at="2025-02-21T00:05:08 IST" duration-ms="5077">
    <groups>
    </groups>
    <test started-at="2025-02-21T00:05:02 IST" name="Default test" finished-at="2025-02-21T00:05:08 IST" duration-ms="5077">
      <class name="jpetStore.UIDemo">
        <test-method signature="verifyPageTitle()[pri:0, instance:jpetStore.UIDemo@384ad17b]" started-at="2025-02-21T00:05:03 IST" name="verifyPageTitle" finished-at="2025-02-21T00:05:08 IST" duration-ms="5039" status="PASS">
          <reporter-output>
          </reporter-output>
        </test-method> <!-- verifyPageTitle -->
      </class> <!-- jpetStore.UIDemo -->
    </test> <!-- Default test -->
  </suite> <!-- Default suite -->
</testng-results>
